<?xml version="1.0" encoding="UTF-8"?>
<testsuite xmlns:xsi="http://www.w3.org/2001/XMLSchema-instance" xsi:noNamespaceSchemaLocation="https://maven.apache.org/surefire/maven-surefire-plugin/xsd/surefire-test-report-3.0.xsd" version="3.0" name="br.com.fiap.bluerewards.BluerewardsApplicationTests" time="15.018" tests="1" errors="0" skipped="0" failures="0">
  <properties>
[...]
</properties>
  <testcase name="contextLoads" classname="br.com.fiap.bluerewards.BluerewardsApplicationTests" time="0.558">
    <system-out><![CDATA[15:33:02.203 [main] INFO org.springframework.test.context.support.AnnotationConfigContextLoaderUtils -- Could not detect default configuration classes for test class [br.com.fiap.bluerewards.BluerewardsApplicationTests]: BluerewardsApplicationTests does not declare any static, non-private, non-final, nested classes annotated with @Configuration.
15:33:02.339 [main] INFO org.springframework.boot.test.context.SpringBootTestContextBootstrapper -- Found @SpringBootConfiguration br.com.fiap.bluerewards.BluerewardsApplication for test class br.com.fiap.bluerewards.BluerewardsApplicationTests
15:33:02.577 [main] INFO org.springframework.boot.devtools.restart.RestartApplicationListener -- Restart disabled due to context in which it is running

  .   ____          _            __ _ _
 /\\ / ___'_ __ _ _(_)_ __  __ _ \ \ \ \
( ( )\___ | '_ | '_| | '_ \/ _` | \ \ \ \
 \\/  ___)| |_)| | | | | || (_| |  ) ) ) )
  '  |____| .__|_| |_|_| |_\__, | / / / /
 =========|_|==============|___/=/_/_/_/
 :: Spring Boot ::                (v3.2.6)

2024-06-07T15:33:02.950-03:00  INFO 26704 --- [bluerewards] [           main] b.c.f.b.BluerewardsApplicationTests      : Starting BluerewardsApplicationTests using Java 17.0.9 with PID 26704 (started by arthu in C:\Users\arthu\Downloads\BlueRewards)
2024-06-07T15:33:02.953-03:00  INFO 26704 --- [bluerewards] [           main] b.c.f.b.BluerewardsApplicationTests      : The following 1 profile is active: "prd"
2024-06-07T15:33:04.533-03:00  INFO 26704 --- [bluerewards] [           main] .s.d.r.c.RepositoryConfigurationDelegate : Bootstrapping Spring Data JPA repositories in DEFAULT mode.
2024-06-07T15:33:04.659-03:00  INFO 26704 --- [bluerewards] [           main] .s.d.r.c.RepositoryConfigurationDelegate : Finished Spring Data repository scanning in 114 ms. Found 5 JPA repository interfaces.
2024-06-07T15:33:05.519-03:00  INFO 26704 --- [bluerewards] [           main] o.hibernate.jpa.internal.util.LogHelper  : HHH000204: Processing PersistenceUnitInfo [name: default]
2024-06-07T15:33:05.605-03:00  INFO 26704 --- [bluerewards] [           main] org.hibernate.Version                    : HHH000412: Hibernate ORM core version 6.4.8.Final
2024-06-07T15:33:05.660-03:00  INFO 26704 --- [bluerewards] [           main] o.h.c.internal.RegionFactoryInitiator    : HHH000026: Second-level cache disabled
2024-06-07T15:33:06.072-03:00  INFO 26704 --- [bluerewards] [           main] o.s.o.j.p.SpringPersistenceUnitInfo      : No LoadTimeWeaver setup: ignoring JPA class transformer
2024-06-07T15:33:06.112-03:00  INFO 26704 --- [bluerewards] [           main] com.zaxxer.hikari.HikariDataSource       : HikariPool-1 - Starting...
2024-06-07T15:33:08.023-03:00  INFO 26704 --- [bluerewards] [           main] com.zaxxer.hikari.pool.HikariPool        : HikariPool-1 - Added connection oracle.jdbc.driver.T4CConnection@76af51d6
2024-06-07T15:33:08.028-03:00  INFO 26704 --- [bluerewards] [           main] com.zaxxer.hikari.HikariDataSource       : HikariPool-1 - Start completed.
2024-06-07T15:33:08.202-03:00  WARN 26704 --- [bluerewards] [           main] org.hibernate.orm.deprecation            : HHH90000025: OracleDialect does not need to be specified explicitly using 'hibernate.dialect' (remove the property setting and it will be selected by default)
2024-06-07T15:33:09.782-03:00  INFO 26704 --- [bluerewards] [           main] o.h.e.t.j.p.i.JtaPlatformInitiator       : HHH000489: No JTA platform available (set 'hibernate.transaction.jta.platform' to enable JTA platform integration)
Hibernate: drop table coleta cascade constraints
Hibernate: drop table cupom cascade constraints
Hibernate: drop table empresa cascade constraints
Hibernate: drop table ponto_coleta cascade constraints
Hibernate: drop table usuario cascade constraints
Hibernate: drop table usuario_cupom cascade constraints
Hibernate: create table coleta (peso float(53) not null, id number(19,0) generated as identity, ponto_coleta_id number(19,0), usuario_id number(19,0), primary key (id))
Hibernate: create table cupom (pontuacao number(10,0) not null, empresa_id number(19,0), id number(19,0) generated as identity, validade timestamp(6), codigo varchar2(255 char), descricao varchar2(255 char), primary key (id))
Hibernate: create table empresa (id number(19,0) generated as identity, cnpj varchar2(255 char), nome varchar2(255 char), primary key (id))
Hibernate: create table ponto_coleta (id number(19,0) generated as identity, endereco varchar2(255 char), nome varchar2(255 char), primary key (id))
Hibernate: create table usuario (pontuacao number(10,0) not null, id number(19,0) generated as identity, email varchar2(255 char) unique, nome varchar2(255 char), senha varchar2(255 char), primary key (id))
Hibernate: create table usuario_cupom (cupom_id number(19,0) not null, usuario_id number(19,0) not null, primary key (cupom_id, usuario_id))
Hibernate: alter table coleta add constraint FKoqsxjh7towfn8ioda8x0kj8mf foreign key (ponto_coleta_id) references ponto_coleta
Hibernate: alter table coleta add constraint FK9qwovpbtc1jh6iicycwty1y8x foreign key (usuario_id) references usuario
Hibernate: alter table cupom add constraint FK41yj9sxldtawhrnjac63eiwnx foreign key (empresa_id) references empresa
Hibernate: alter table usuario_cupom add constraint FKrda6voi3kh0j09pbp0aa563dk foreign key (cupom_id) references cupom
Hibernate: alter table usuario_cupom add constraint FKq90xtwi3yaq4jnc781xc27mgv foreign key (usuario_id) references usuario
2024-06-07T15:33:15.062-03:00  INFO 26704 --- [bluerewards] [           main] j.LocalContainerEntityManagerFactoryBean : Initialized JPA EntityManagerFactory for persistence unit 'default'
2024-06-07T15:33:15.707-03:00  WARN 26704 --- [bluerewards] [           main] JpaBaseConfiguration$JpaWebConfiguration : spring.jpa.open-in-view is enabled by default. Therefore, database queries may be performed during view rendering. Explicitly configure spring.jpa.open-in-view to disable this warning
2024-06-07T15:33:16.012-03:00  INFO 26704 --- [bluerewards] [           main] o.s.s.web.DefaultSecurityFilterChain     : Will secure any request with [org.springframework.security.web.session.DisableEncodeUrlFilter@7d018c58, org.springframework.security.web.context.request.async.WebAsyncManagerIntegrationFilter@6a2b6031, org.springframework.security.web.context.SecurityContextHolderFilter@40874f54, org.springframework.security.web.header.HeaderWriterFilter@4795876e, org.springframework.web.filter.CorsFilter@2e4262d2, org.springframework.security.web.authentication.logout.LogoutFilter@1ead6e20, br.com.fiap.bluerewards.config.AuthenticationFilter@7ff40324, org.springframework.security.web.savedrequest.RequestCacheAwareFilter@3599b7e8, org.springframework.security.web.servletapi.SecurityContextHolderAwareRequestFilter@2862bac6, org.springframework.security.web.authentication.AnonymousAuthenticationFilter@546ca9da, org.springframework.security.web.access.ExceptionTranslationFilter@4fe8ac61, org.springframework.security.web.access.intercept.AuthorizationFilter@5889e697]
2024-06-07T15:33:16.349-03:00  INFO 26704 --- [bluerewards] [           main] b.c.f.b.BluerewardsApplicationTests      : Started BluerewardsApplicationTests in 13.79 seconds (process running for 14.964)
]]></system-out>
  </testcase>
</testsuite>